{
"contracts/ElectricKeeperMockV24.sol":{"l":{"17":33,"22":3,"23":2,"27":7,"28":6,"37":10,"41":2,"42":16,"43":1,"46":1,"50":6,"51":4,"52":3,"53":3,"55":1,"57":4,"58":4,"76":2,"77":1,"78":8,"79":1,"80":1,"83":1,"87":0,"88":0,"89":0,"90":0,"94":0,"95":0,"96":0,"97":0,"107":0,"111":0,"112":0,"113":0},"path":"/Users/kieranwilliams/Programming/new/ElectricKeeper/test/unit/contracts/ElectricKeeperMockV24.sol","s":{"1":33,"2":3,"3":7,"4":10,"5":2,"6":16,"7":1,"8":1,"9":6,"10":4,"11":3,"12":3,"13":1,"14":4,"15":4,"16":2,"17":1,"18":8,"19":1,"20":1,"21":1,"22":0,"23":0,"24":0,"25":0,"26":0,"27":0,"28":0,"29":0,"30":0,"31":0,"32":0,"33":0},"b":{"1":[2,1],"2":[6,1],"3":[1,15],"4":[4,2],"5":[3,1],"6":[1,1],"7":[1,7],"8":[0,0],"9":[0,0],"10":[0,0]},"f":{"1":33,"2":3,"3":7,"4":10,"5":2,"6":6,"7":2,"8":0,"9":0,"10":0,"11":0},"fnMap":{"1":{"name":"constructor","line":16,"loc":{"start":{"line":16,"column":4},"end":{"line":19,"column":4}}},"2":{"name":"onlyOwner","line":21,"loc":{"start":{"line":21,"column":4},"end":{"line":24,"column":4}}},"3":{"name":"validLEDvalues","line":26,"loc":{"start":{"line":26,"column":4},"end":{"line":29,"column":4}}},"4":{"name":"onePennyUSDinMatic","line":36,"loc":{"start":{"line":36,"column":4},"end":{"line":38,"column":4}}},"5":{"name":"expirationOccured","line":40,"loc":{"start":{"line":40,"column":4},"end":{"line":47,"column":4}}},"6":{"name":"BuyElectricityTimeOn","line":49,"loc":{"start":{"line":49,"column":4},"end":{"line":59,"column":4}}},"7":{"name":"OwnerManualExpirationOff","line":75,"loc":{"start":{"line":75,"column":4},"end":{"line":84,"column":4}}},"8":{"name":"OwnerEmergencyDangerOff","line":86,"loc":{"start":{"line":86,"column":4},"end":{"line":91,"column":4}}},"9":{"name":"OwnerEmergencySafeOn","line":93,"loc":{"start":{"line":93,"column":4},"end":{"line":98,"column":4}}},"10":{"name":"constructor","line":106,"loc":{"start":{"line":106,"column":4},"end":{"line":108,"column":4}}},"11":{"name":"BuyTestEightMinuteCountdown","line":110,"loc":{"start":{"line":110,"column":4},"end":{"line":115,"column":4}}}},"statementMap":{"1":{"start":{"line":17,"column":8},"end":{"line":17,"column":25}},"2":{"start":{"line":22,"column":8},"end":{"line":22,"column":76}},"3":{"start":{"line":27,"column":8},"end":{"line":27,"column":123}},"4":{"start":{"line":37,"column":8},"end":{"line":37,"column":42}},"5":{"start":{"line":41,"column":8},"end":{"line":41,"column":1426}},"6":{"start":{"line":42,"column":12},"end":{"line":42,"column":1494}},"7":{"start":{"line":43,"column":16},"end":{"line":43,"column":27}},"8":{"start":{"line":46,"column":8},"end":{"line":46,"column":20}},"9":{"start":{"line":50,"column":8},"end":{"line":50,"column":152}},"10":{"start":{"line":51,"column":8},"end":{"line":51,"column":1936}},"11":{"start":{"line":52,"column":12},"end":{"line":52,"column":36}},"12":{"start":{"line":53,"column":12},"end":{"line":53,"column":84}},"13":{"start":{"line":55,"column":12},"end":{"line":55,"column":68}},"14":{"start":{"line":57,"column":8},"end":{"line":57,"column":28}},"15":{"start":{"line":58,"column":8},"end":{"line":58,"column":53}},"16":{"start":{"line":76,"column":8},"end":{"line":76,"column":58}},"17":{"start":{"line":77,"column":8},"end":{"line":77,"column":2986}},"18":{"start":{"line":78,"column":12},"end":{"line":78,"column":3053}},"19":{"start":{"line":79,"column":16},"end":{"line":79,"column":41}},"20":{"start":{"line":80,"column":16},"end":{"line":80,"column":51}},"21":{"start":{"line":83,"column":8},"end":{"line":83,"column":28}},"22":{"start":{"line":87,"column":8},"end":{"line":87,"column":61}},"23":{"start":{"line":88,"column":8},"end":{"line":88,"column":33}},"24":{"start":{"line":89,"column":8},"end":{"line":89,"column":58}},"25":{"start":{"line":90,"column":8},"end":{"line":90,"column":28}},"26":{"start":{"line":94,"column":8},"end":{"line":94,"column":81}},"27":{"start":{"line":95,"column":8},"end":{"line":95,"column":33}},"28":{"start":{"line":96,"column":8},"end":{"line":96,"column":58}},"29":{"start":{"line":97,"column":8},"end":{"line":97,"column":28}},"30":{"start":{"line":107,"column":8},"end":{"line":107,"column":73}},"31":{"start":{"line":111,"column":7},"end":{"line":111,"column":104}},"32":{"start":{"line":112,"column":7},"end":{"line":112,"column":4303}},"33":{"start":{"line":113,"column":12},"end":{"line":113,"column":137}}},"branchMap":{"1":{"line":22,"type":"if","locations":[{"start":{"line":22,"column":8},"end":{"line":22,"column":8}},{"start":{"line":22,"column":8},"end":{"line":22,"column":8}}]},"2":{"line":27,"type":"if","locations":[{"start":{"line":27,"column":8},"end":{"line":27,"column":8}},{"start":{"line":27,"column":8},"end":{"line":27,"column":8}}]},"3":{"line":42,"type":"if","locations":[{"start":{"line":42,"column":12},"end":{"line":42,"column":12}},{"start":{"line":42,"column":12},"end":{"line":42,"column":12}}]},"4":{"line":50,"type":"if","locations":[{"start":{"line":50,"column":8},"end":{"line":50,"column":8}},{"start":{"line":50,"column":8},"end":{"line":50,"column":8}}]},"5":{"line":51,"type":"if","locations":[{"start":{"line":51,"column":8},"end":{"line":51,"column":8}},{"start":{"line":51,"column":8},"end":{"line":51,"column":8}}]},"6":{"line":76,"type":"if","locations":[{"start":{"line":76,"column":8},"end":{"line":76,"column":8}},{"start":{"line":76,"column":8},"end":{"line":76,"column":8}}]},"7":{"line":78,"type":"if","locations":[{"start":{"line":78,"column":12},"end":{"line":78,"column":12}},{"start":{"line":78,"column":12},"end":{"line":78,"column":12}}]},"8":{"line":87,"type":"if","locations":[{"start":{"line":87,"column":8},"end":{"line":87,"column":8}},{"start":{"line":87,"column":8},"end":{"line":87,"column":8}}]},"9":{"line":94,"type":"if","locations":[{"start":{"line":94,"column":8},"end":{"line":94,"column":8}},{"start":{"line":94,"column":8},"end":{"line":94,"column":8}}]},"10":{"line":111,"type":"if","locations":[{"start":{"line":111,"column":7},"end":{"line":111,"column":7}},{"start":{"line":111,"column":7},"end":{"line":111,"column":7}}]}}}}
