TN:
SF:/Users/kieranwilliams/Programming/new/ElectricKeeper/test/unit/contracts/ElectricKeeperMockV24.sol
FN:16,constructor
FN:21,onlyOwner
FN:26,validLEDvalues
FN:36,onePennyUSDinMatic
FN:40,expirationOccured
FN:49,BuyElectricityTimeOn
FN:75,OwnerManualExpirationOff
FN:86,OwnerEmergencyDangerOff
FN:93,OwnerEmergencySafeOn
FN:106,constructor
FN:110,BuyTestEightMinuteCountdown
FNF:11
FNH:7
FNDA:33,constructor
FNDA:3,onlyOwner
FNDA:7,validLEDvalues
FNDA:10,onePennyUSDinMatic
FNDA:2,expirationOccured
FNDA:6,BuyElectricityTimeOn
FNDA:2,OwnerManualExpirationOff
FNDA:0,OwnerEmergencyDangerOff
FNDA:0,OwnerEmergencySafeOn
FNDA:0,constructor
FNDA:0,BuyTestEightMinuteCountdown
DA:17,33
DA:22,3
DA:23,2
DA:27,7
DA:28,6
DA:37,10
DA:41,2
DA:42,16
DA:43,1
DA:46,1
DA:50,6
DA:51,4
DA:52,3
DA:53,3
DA:55,1
DA:57,4
DA:58,4
DA:76,2
DA:77,1
DA:78,8
DA:79,1
DA:80,1
DA:83,1
DA:87,0
DA:88,0
DA:89,0
DA:90,0
DA:94,0
DA:95,0
DA:96,0
DA:97,0
DA:107,0
DA:111,0
DA:112,0
DA:113,0
LF:35
LH:23
BRDA:22,1,0,2
BRDA:22,1,1,1
BRDA:27,2,0,6
BRDA:27,2,1,1
BRDA:42,3,0,1
BRDA:42,3,1,15
BRDA:50,4,0,4
BRDA:50,4,1,2
BRDA:51,5,0,3
BRDA:51,5,1,1
BRDA:76,6,0,1
BRDA:76,6,1,1
BRDA:78,7,0,1
BRDA:78,7,1,7
BRDA:87,8,0,0
BRDA:87,8,1,0
BRDA:94,9,0,0
BRDA:94,9,1,0
BRDA:111,10,0,0
BRDA:111,10,1,0
BRF:20
BRH:14
end_of_record
