TN:
SF:/home/johanna/Desktop/ElectricalEthereum/test/unit/contracts/ElectricKeeperMockV24.sol
FN:16,constructor
FN:21,onlyOwner
FN:26,validLEDvalues
FN:36,onePennyUSDinMatic
FN:40,expirationOccured
FN:49,BuyElectricityTimeOn
FN:75,OwnerManualExpirationOff
FN:86,OwnerEmergencyDangerOff
FN:93,OwnerEmergencySafeOn
FN:106,constructor
FN:110,BuyTestEightMinuteCountdown
FNF:11
FNH:4
FNDA:24,constructor
FNDA:0,onlyOwner
FNDA:6,validLEDvalues
FNDA:8,onePennyUSDinMatic
FNDA:0,expirationOccured
FNDA:5,BuyElectricityTimeOn
FNDA:0,OwnerManualExpirationOff
FNDA:0,OwnerEmergencyDangerOff
FNDA:0,OwnerEmergencySafeOn
FNDA:0,constructor
FNDA:0,BuyTestEightMinuteCountdown
DA:17,24
DA:22,0
DA:23,0
DA:27,6
DA:28,5
DA:37,8
DA:41,0
DA:42,0
DA:43,0
DA:46,0
DA:50,5
DA:51,3
DA:52,2
DA:53,2
DA:55,1
DA:57,3
DA:58,3
DA:76,0
DA:77,0
DA:78,0
DA:79,0
DA:80,0
DA:83,0
DA:87,0
DA:88,0
DA:89,0
DA:90,0
DA:94,0
DA:95,0
DA:96,0
DA:97,0
DA:107,0
DA:111,0
DA:112,0
DA:113,0
LF:35
LH:11
BRDA:22,1,0,0
BRDA:22,1,1,0
BRDA:27,2,0,5
BRDA:27,2,1,1
BRDA:42,3,0,0
BRDA:42,3,1,0
BRDA:50,4,0,3
BRDA:50,4,1,2
BRDA:51,5,0,2
BRDA:51,5,1,1
BRDA:76,6,0,0
BRDA:76,6,1,0
BRDA:78,7,0,0
BRDA:78,7,1,0
BRDA:87,8,0,0
BRDA:87,8,1,0
BRDA:94,9,0,0
BRDA:94,9,1,0
BRDA:111,10,0,0
BRDA:111,10,1,0
BRF:20
BRH:6
end_of_record
