{"contracts/ElectricKeeperMockV24.sol":{"l":{"17":63,"22":12,"23":9,"27":24,"28":21,"37":33,"41":2,"42":16,"43":1,"46":1,"50":16,"51":14,"52":13,"53":13,"55":1,"57":14,"58":14,"76":2,"77":1,"78":8,"79":1,"80":1,"83":1,"87":3,"88":2,"89":2,"90":2,"94":2,"95":1,"96":1,"97":1,"107":63,"111":2,"112":1,"113":8},"path":"/Users/jp/Documents/Solidity/ETHDenver/ElectricKeepers/ElectricKeeper/test/unit/contracts/ElectricKeeperMockV24.sol","s":{"1":63,"2":12,"3":24,"4":33,"5":2,"6":16,"7":1,"8":1,"9":16,"10":14,"11":13,"12":13,"13":1,"14":14,"15":14,"16":2,"17":1,"18":8,"19":1,"20":1,"21":1,"22":3,"23":2,"24":2,"25":2,"26":2,"27":1,"28":1,"29":1,"30":63,"31":2,"32":1,"33":8},"b":{"1":[9,3],"2":[21,3],"3":[1,15],"4":[14,2],"5":[13,1],"6":[1,1],"7":[1,7],"8":[2,1],"9":[1,1],"10":[1,1]},"f":{"1":63,"2":12,"3":24,"4":33,"5":2,"6":16,"7":2,"8":3,"9":2,"10":63,"11":2},"fnMap":{"1":{"name":"constructor","line":16,"loc":{"start":{"line":16,"column":4},"end":{"line":19,"column":4}}},"2":{"name":"onlyOwner","line":21,"loc":{"start":{"line":21,"column":4},"end":{"line":24,"column":4}}},"3":{"name":"validLEDvalues","line":26,"loc":{"start":{"line":26,"column":4},"end":{"line":29,"column":4}}},"4":{"name":"onePennyUSDinMatic","line":36,"loc":{"start":{"line":36,"column":4},"end":{"line":38,"column":4}}},"5":{"name":"expirationOccured","line":40,"loc":{"start":{"line":40,"column":4},"end":{"line":47,"column":4}}},"6":{"name":"BuyElectricityTimeOn","line":49,"loc":{"start":{"line":49,"column":4},"end":{"line":59,"column":4}}},"7":{"name":"OwnerManualExpirationOff","line":75,"loc":{"start":{"line":75,"column":4},"end":{"line":84,"column":4}}},"8":{"name":"OwnerEmergencyDangerOff","line":86,"loc":{"start":{"line":86,"column":4},"end":{"line":91,"column":4}}},"9":{"name":"OwnerEmergencySafeOn","line":93,"loc":{"start":{"line":93,"column":4},"end":{"line":98,"column":4}}},"10":{"name":"constructor","line":106,"loc":{"start":{"line":106,"column":4},"end":{"line":108,"column":4}}},"11":{"name":"BuyTestEightMinuteCountdown","line":110,"loc":{"start":{"line":110,"column":4},"end":{"line":115,"column":4}}}},"statementMap":{"1":{"start":{"line":17,"column":8},"end":{"line":17,"column":25}},"2":{"start":{"line":22,"column":8},"end":{"line":22,"column":76}},"3":{"start":{"line":27,"column":8},"end":{"line":27,"column":123}},"4":{"start":{"line":37,"column":8},"end":{"line":37,"column":42}},"5":{"start":{"line":41,"column":8},"end":{"line":41,"column":1426}},"6":{"start":{"line":42,"column":12},"end":{"line":42,"column":1494}},"7":{"start":{"line":43,"column":16},"end":{"line":43,"column":27}},"8":{"start":{"line":46,"column":8},"end":{"line":46,"column":20}},"9":{"start":{"line":50,"column":8},"end":{"line":50,"column":152}},"10":{"start":{"line":51,"column":8},"end":{"line":51,"column":1936}},"11":{"start":{"line":52,"column":12},"end":{"line":52,"column":36}},"12":{"start":{"line":53,"column":12},"end":{"line":53,"column":84}},"13":{"start":{"line":55,"column":12},"end":{"line":55,"column":68}},"14":{"start":{"line":57,"column":8},"end":{"line":57,"column":28}},"15":{"start":{"line":58,"column":8},"end":{"line":58,"column":53}},"16":{"start":{"line":76,"column":8},"end":{"line":76,"column":58}},"17":{"start":{"line":77,"column":8},"end":{"line":77,"column":2986}},"18":{"start":{"line":78,"column":12},"end":{"line":78,"column":3053}},"19":{"start":{"line":79,"column":16},"end":{"line":79,"column":41}},"20":{"start":{"line":80,"column":16},"end":{"line":80,"column":51}},"21":{"start":{"line":83,"column":8},"end":{"line":83,"column":28}},"22":{"start":{"line":87,"column":8},"end":{"line":87,"column":61}},"23":{"start":{"line":88,"column":8},"end":{"line":88,"column":33}},"24":{"start":{"line":89,"column":8},"end":{"line":89,"column":58}},"25":{"start":{"line":90,"column":8},"end":{"line":90,"column":28}},"26":{"start":{"line":94,"column":8},"end":{"line":94,"column":81}},"27":{"start":{"line":95,"column":8},"end":{"line":95,"column":33}},"28":{"start":{"line":96,"column":8},"end":{"line":96,"column":58}},"29":{"start":{"line":97,"column":8},"end":{"line":97,"column":28}},"30":{"start":{"line":107,"column":8},"end":{"line":107,"column":73}},"31":{"start":{"line":111,"column":7},"end":{"line":111,"column":104}},"32":{"start":{"line":112,"column":7},"end":{"line":112,"column":4303}},"33":{"start":{"line":113,"column":12},"end":{"line":113,"column":137}}},"branchMap":{"1":{"line":22,"type":"if","locations":[{"start":{"line":22,"column":8},"end":{"line":22,"column":8}},{"start":{"line":22,"column":8},"end":{"line":22,"column":8}}]},"2":{"line":27,"type":"if","locations":[{"start":{"line":27,"column":8},"end":{"line":27,"column":8}},{"start":{"line":27,"column":8},"end":{"line":27,"column":8}}]},"3":{"line":42,"type":"if","locations":[{"start":{"line":42,"column":12},"end":{"line":42,"column":12}},{"start":{"line":42,"column":12},"end":{"line":42,"column":12}}]},"4":{"line":50,"type":"if","locations":[{"start":{"line":50,"column":8},"end":{"line":50,"column":8}},{"start":{"line":50,"column":8},"end":{"line":50,"column":8}}]},"5":{"line":51,"type":"if","locations":[{"start":{"line":51,"column":8},"end":{"line":51,"column":8}},{"start":{"line":51,"column":8},"end":{"line":51,"column":8}}]},"6":{"line":76,"type":"if","locations":[{"start":{"line":76,"column":8},"end":{"line":76,"column":8}},{"start":{"line":76,"column":8},"end":{"line":76,"column":8}}]},"7":{"line":78,"type":"if","locations":[{"start":{"line":78,"column":12},"end":{"line":78,"column":12}},{"start":{"line":78,"column":12},"end":{"line":78,"column":12}}]},"8":{"line":87,"type":"if","locations":[{"start":{"line":87,"column":8},"end":{"line":87,"column":8}},{"start":{"line":87,"column":8},"end":{"line":87,"column":8}}]},"9":{"line":94,"type":"if","locations":[{"start":{"line":94,"column":8},"end":{"line":94,"column":8}},{"start":{"line":94,"column":8},"end":{"line":94,"column":8}}]},"10":{"line":111,"type":"if","locations":[{"start":{"line":111,"column":7},"end":{"line":111,"column":7}},{"start":{"line":111,"column":7},"end":{"line":111,"column":7}}]}}}}